<?xml version="1.0" encoding="UTF-8"?>
<!-- Generated by org.testng.reporters.JUnitReportReporter -->
<testsuite hostname="DESKTOP-PAPVJ11" failures="0" tests="5" name="dependenciesspecifiying.Dependencymethods" time="0.079" errors="0" timestamp="2020-12-30T15:34:54 IST" skipped="0">
  <testcase classname="dependenciesspecifiying.Dependencymethods" name="openurl" time="0.055"/>
  <system-out/>
  <testcase classname="dependenciesspecifiying.Dependencymethods" name="login" time="0.005"/>
  <system-out/>
  <testcase classname="dependenciesspecifiying.Dependencymethods" name="search" time="0.009"/>
  <system-out/>
  <testcase classname="dependenciesspecifiying.Dependencymethods" name="advancesearch" time="0.006"/>
  <system-out/>
  <testcase classname="dependenciesspecifiying.Dependencymethods" name="logout" time="0.004"/>
  <system-out/>
</testsuite> <!-- dependenciesspecifiying.Dependencymethods -->
