<?xml version="1.0" encoding="UTF-8"?>
<!-- Generated by org.testng.reporters.JUnitReportReporter -->
<testsuite hostname="DESKTOP-PAPVJ11" failures="0" tests="1" name="reporting.logintest" time="11.077" errors="0" timestamp="2020-12-31T17:35:42 IST" skipped="0">
  <testcase classname="reporting.logintest" name="login" time="11.077"/>
  <system-out/>
</testsuite> <!-- reporting.logintest -->
