<?xml version="1.0" encoding="UTF-8"?>
<!-- Generated by org.testng.reporters.JUnitReportReporter -->
<testsuite hostname="DESKTOP-PAPVJ11" failures="0" tests="3" name="TestNG.example1" time="0.054" errors="0" timestamp="2020-12-30T12:50:14 IST" skipped="0">
  <testcase classname="TestNG.example1" name="search" time="0.019"/>
  <system-out/>
  <testcase classname="TestNG.example1" name="advance_search" time="0.028"/>
  <system-out/>
  <testcase classname="TestNG.example1" name="recharge" time="0.007"/>
  <system-out/>
</testsuite> <!-- TestNG.example1 -->
