<?xml version="1.0" encoding="UTF-8"?>
<!-- Generated by org.testng.reporters.JUnitReportReporter -->
<testsuite hostname="DESKTOP-PAPVJ11" failures="0" tests="2" name="parameterization.Test1" time="0.028" errors="0" timestamp="2020-12-30T16:09:18 IST" skipped="0">
  <testcase classname="parameterization.Test1" name="m1" time="0.024"/>
  <system-out/>
  <testcase classname="parameterization.Test1" name="m2" time="0.004"/>
  <system-out/>
</testsuite> <!-- parameterization.Test1 -->
