<?xml version="1.0" encoding="UTF-8"?>
<!-- Generated by org.testng.reporters.JUnitReportReporter -->
<testsuite hostname="DESKTOP-PAPVJ11" failures="0" tests="2" name="pack1.TC1" time="0.017" errors="0" timestamp="2020-12-30T13:33:35 IST" skipped="0">
  <testcase classname="pack1.TC1" name="m2" time="0.003"/>
  <system-out/>
  <testcase classname="pack1.TC1" name="m1" time="0.014"/>
  <system-out/>
</testsuite> <!-- pack1.TC1 -->
