<?xml version="1.0" encoding="UTF-8"?>
<!-- Generated by org.testng.reporters.JUnitReportReporter -->
<testsuite hostname="DESKTOP-PAPVJ11" failures="0" tests="1" name="logintest" time="18.860" errors="0" timestamp="2021-01-04T15:53:06 IST" skipped="0">
  <testcase classname="logintest" name="login" time="18.860"/>
  <system-out/>
</testsuite> <!-- logintest -->
