<?xml version="1.0" encoding="UTF-8"?>
<!-- Generated by org.testng.reporters.JUnitReportReporter -->
<testsuite hostname="DESKTOP-PAPVJ11" failures="0" tests="3" name="pack1.TC2" time="0.016" errors="0" timestamp="2020-12-30T13:33:35 IST" skipped="0">
  <testcase classname="pack1.TC2" name="m3" time="0.004"/>
  <system-out/>
  <testcase classname="pack1.TC2" name="m5" time="0.009"/>
  <system-out/>
  <testcase classname="pack1.TC2" name="m4" time="0.003"/>
  <system-out/>
</testsuite> <!-- pack1.TC2 -->
