<?xml version="1.0" encoding="UTF-8"?>
<!-- Generated by org.testng.reporters.JUnitReportReporter -->
<testsuite hostname="DESKTOP-PAPVJ11" failures="0" tests="3" name="TestNG.first_test_case" time="0.035" errors="0" timestamp="2020-12-30T12:41:19 IST" skipped="0">
  <testcase classname="TestNG.first_test_case" name="openURl" time="0.025"/>
  <system-out/>
  <testcase classname="TestNG.first_test_case" name="login" time="0.006"/>
  <system-out/>
  <testcase classname="TestNG.first_test_case" name="logout" time="0.004"/>
  <system-out/>
</testsuite> <!-- TestNG.first_test_case -->
