<?xml version="1.0" encoding="UTF-8"?>
<!-- Generated by org.testng.reporters.JUnitReportReporter -->
<testsuite hostname="DESKTOP-PAPVJ11" failures="0" tests="3" name="TestNG.annotations_exampl2" time="0.060" errors="0" timestamp="2020-12-30T12:55:53 IST" skipped="0">
  <testcase classname="TestNG.annotations_exampl2" name="search" time="0.040"/>
  <system-out/>
  <testcase classname="TestNG.annotations_exampl2" name="advance_search" time="0.005"/>
  <system-out/>
  <testcase classname="TestNG.annotations_exampl2" name="recharge" time="0.015"/>
  <system-out/>
</testsuite> <!-- TestNG.annotations_exampl2 -->
