<?xml version="1.0" encoding="UTF-8"?>
<!-- Generated by org.testng.reporters.JUnitReportReporter -->
<testsuite hostname="DESKTOP-PAPVJ11" failures="0" tests="3" name="parameterization.dataprovider" time="22.955" errors="0" timestamp="2020-12-30T17:54:52 IST" skipped="0">
  <testcase classname="parameterization.dataprovider" name="logintest" time="5.825"/>
  <system-out/>
  <testcase classname="parameterization.dataprovider" name="logintest" time="11.208"/>
  <system-out/>
  <testcase classname="parameterization.dataprovider" name="logintest" time="5.922"/>
  <system-out/>
</testsuite> <!-- parameterization.dataprovider -->
