<?xml version="1.0" encoding="UTF-8"?>
<!-- Generated by org.testng.reporters.JUnitReportReporter -->
<testsuite hostname="DESKTOP-PAPVJ11" failures="0" tests="5" name="dependenciesspecifiying.disablingtestmethods" time="0.037" errors="0" timestamp="2020-12-30T15:39:49 IST" skipped="2">
  <testcase classname="dependenciesspecifiying.disablingtestmethods" name="openurl" time="0.029"/>
  <system-out/>
  <testcase classname="dependenciesspecifiying.disablingtestmethods" name="login" time="0.004"/>
  <system-out/>
  <testcase classname="dependenciesspecifiying.disablingtestmethods" name="logout" time="0.004"/>
  <system-out/>
  <testcase classname="dependenciesspecifiying.disablingtestmethods" name="advancesearch">
    <skipped/>
  </testcase> <!-- advancesearch -->
  <system-out/>
  <testcase classname="dependenciesspecifiying.disablingtestmethods" name="search">
    <skipped/>
  </testcase> <!-- search -->
  <system-out/>
</testsuite> <!-- dependenciesspecifiying.disablingtestmethods -->
