<?xml version="1.0" encoding="UTF-8"?>
<!-- Generated by org.testng.reporters.JUnitReportReporter -->
<testsuite hostname="DESKTOP-PAPVJ11" failures="0" tests="1" name="test.Testngdemo" time="1.127" errors="0" timestamp="2020-12-23T12:41:16 IST" skipped="0">
  <testcase classname="test.Testngdemo" name="actualtest" time="1.127"/>
  <system-out/>
</testsuite> <!-- test.Testngdemo -->
